# JRE version: OpenJDK Runtime Environment (8.0_152-b02) (build 1.8.0_152-release-1024-b02)
# Java VM: OpenJDK 64-Bit Server VM (25.152-b02 mixed mode windows-amd64 compressed oops)
Heap:
 PSYoungGen      total 441344K, used 392169K [0x00000000e0000000, 0x0000000100000000, 0x0000000100000000)
  eden space 391168K, 87% used [0x00000000e0000000,0x00000000f4e01878,0x00000000f7e00000)
  from space 50176K, 99% used [0x00000000fcf00000,0x00000000ffff8e08,0x0000000100000000)
  to   space 66560K, 0% used [0x00000000f7e00000,0x00000000f7e00000,0x00000000fbf00000)
 ParOldGen       total 248320K, used 190820K [0x00000000a0000000, 0x00000000af280000, 0x00000000e0000000)
  object space 248320K, 76% used [0x00000000a0000000,0x00000000aba59288,0x00000000af280000)
 Metaspace       used 104186K, capacity 110448K, committed 119128K, reserved 1153024K
  class space    used 12807K, capacity 14298K, committed 15488K, reserved 1048576K
GC Heap History (10 events):
Event: 2745.117 GC heap before
{Heap before GC invocations=56 (full 6):
 PSYoungGen      total 468992K, used 431727K [0x00000000e0000000, 0x00000000ffe00000, 0x0000000100000000)
  eden space 415744K, 100% used [0x00000000e0000000,0x00000000f9600000,0x00000000f9600000)
  from space 53248K, 30% used [0x00000000f9600000,0x00000000fa59bf48,0x00000000fca00000)
  to   space 51712K, 0% used [0x00000000fcb80000,0x00000000fcb80000,0x00000000ffe00000)
 ParOldGen       total 248320K, used 135105K [0x00000000a0000000, 0x00000000af280000, 0x00000000e0000000)
  object space 248320K, 54% used [0x00000000a0000000,0x00000000a83f0410,0x00000000af280000)
 Metaspace       used 103991K, capacity 110218K, committed 119128K, reserved 1153024K
  class space    used 12793K, capacity 14281K, committed 15488K, reserved 1048576K
Event: 2745.190 GC heap after
Heap after GC invocations=56 (full 6):
 PSYoungGen      total 469504K, used 9557K [0x00000000e0000000, 0x00000000ffc80000, 0x0000000100000000)
  eden space 419328K, 0% used [0x00000000e0000000,0x00000000e0000000,0x00000000f9980000)
  from space 50176K, 19% used [0x00000000fcb80000,0x00000000fd4d5578,0x00000000ffc80000)
  to   space 50688K, 0% used [0x00000000f9980000,0x00000000f9980000,0x00000000fcb00000)
 ParOldGen       total 248320K, used 147193K [0x00000000a0000000, 0x00000000af280000, 0x00000000e0000000)
  object space 248320K, 59% used [0x00000000a0000000,0x00000000a8fbe648,0x00000000af280000)
 Metaspace       used 103991K, capacity 110218K, committed 119128K, reserved 1153024K
  class space    used 12793K, capacity 14281K, committed 15488K, reserved 1048576K
}
Event: 2746.927 GC heap before
{Heap before GC invocations=57 (full 6):
 PSYoungGen      total 469504K, used 428885K [0x00000000e0000000, 0x00000000ffc80000, 0x0000000100000000)
  eden space 419328K, 100% used [0x00000000e0000000,0x00000000f9980000,0x00000000f9980000)
  from space 50176K, 19% used [0x00000000fcb80000,0x00000000fd4d5578,0x00000000ffc80000)
  to   space 50688K, 0% used [0x00000000f9980000,0x00000000f9980000,0x00000000fcb00000)
 ParOldGen       total 248320K, used 147193K [0x00000000a0000000, 0x00000000af280000, 0x00000000e0000000)
  object space 248320K, 59% used [0x00000000a0000000,0x00000000a8fbe648,0x00000000af280000)
 Metaspace       used 104006K, capacity 110218K, committed 119128K, reserved 1153024K
  class space    used 12793K, capacity 14281K, committed 15488K, reserved 1048576K
Event: 2746.980 GC heap after
Heap after GC invocations=57 (full 6):
 PSYoungGen      total 470016K, used 10121K [0x00000000e0000000, 0x00000000ffe80000, 0x0000000100000000)
  eden space 419328K, 0% used [0x00000000e0000000,0x00000000e0000000,0x00000000f9980000)
  from space 50688K, 19% used [0x00000000f9980000,0x00000000fa3627b0,0x00000000fcb00000)
  to   space 49664K, 0% used [0x00000000fce00000,0x00000000fce00000,0x00000000ffe80000)
 ParOldGen       total 248320K, used 153977K [0x00000000a0000000, 0x00000000af280000, 0x00000000e0000000)
  object space 248320K, 62% used [0x00000000a0000000,0x00000000a965e760,0x00000000af280000)
 Metaspace       used 104006K, capacity 110218K, committed 119128K, reserved 1153024K
  class space    used 12793K, capacity 14281K, committed 15488K, reserved 1048576K
}
Event: 2748.659 GC heap before
{Heap before GC invocations=58 (full 6):
 PSYoungGen      total 470016K, used 429449K [0x00000000e0000000, 0x00000000ffe80000, 0x0000000100000000)
  eden space 419328K, 100% used [0x00000000e0000000,0x00000000f9980000,0x00000000f9980000)
  from space 50688K, 19% used [0x00000000f9980000,0x00000000fa3627b0,0x00000000fcb00000)
  to   space 49664K, 0% used [0x00000000fce00000,0x00000000fce00000,0x00000000ffe80000)
 ParOldGen       total 248320K, used 153977K [0x00000000a0000000, 0x00000000af280000, 0x00000000e0000000)
  object space 248320K, 62% used [0x00000000a0000000,0x00000000a965e760,0x00000000af280000)
 Metaspace       used 104022K, capacity 110282K, committed 119128K, reserved 1153024K
  class space    used 12793K, capacity 14281K, committed 15488K, reserved 1048576K
Event: 2749.555 GC heap after
Heap after GC invocations=58 (full 6):
 PSYoungGen      total 472064K, used 9136K [0x00000000e0000000, 0x00000000ffd00000, 0x0000000100000000)
  eden space 423936K, 0% used [0x00000000e0000000,0x00000000e0000000,0x00000000f9e00000)
  from space 48128K, 18% used [0x00000000fce00000,0x00000000fd6ec260,0x00000000ffd00000)
  to   space 48640K, 0% used [0x00000000f9e00000,0x00000000f9e00000,0x00000000fcd80000)
 ParOldGen       total 248320K, used 162262K [0x00000000a0000000, 0x00000000af280000, 0x00000000e0000000)
  object space 248320K, 65% used [0x00000000a0000000,0x00000000a9e75a18,0x00000000af280000)
 Metaspace       used 104022K, capacity 110282K, committed 119128K, reserved 1153024K
  class space    used 12793K, capacity 14281K, committed 15488K, reserved 1048576K
}
Event: 2755.416 GC heap before
{Heap before GC invocations=59 (full 6):
 PSYoungGen      total 472064K, used 433072K [0x00000000e0000000, 0x00000000ffd00000, 0x0000000100000000)
  eden space 423936K, 100% used [0x00000000e0000000,0x00000000f9e00000,0x00000000f9e00000)
  from space 48128K, 18% used [0x00000000fce00000,0x00000000fd6ec260,0x00000000ffd00000)
  to   space 48640K, 0% used [0x00000000f9e00000,0x00000000f9e00000,0x00000000fcd80000)
 ParOldGen       total 248320K, used 162262K [0x00000000a0000000, 0x00000000af280000, 0x00000000e0000000)
  object space 248320K, 65% used [0x00000000a0000000,0x00000000a9e75a18,0x00000000af280000)
 Metaspace       used 104070K, capacity 110358K, committed 119128K, reserved 1153024K
  class space    used 12800K, capacity 14293K, committed 15488K, reserved 1048576K
Event: 2756.513 GC heap after
Heap after GC invocations=59 (full 6):
 PSYoungGen      total 472576K, used 30518K [0x00000000e0000000, 0x0000000100000000, 0x0000000100000000)
  eden space 423936K, 0% used [0x00000000e0000000,0x00000000e0000000,0x00000000f9e00000)
  from space 48640K, 62% used [0x00000000f9e00000,0x00000000fbbcda70,0x00000000fcd80000)
  to   space 50176K, 0% used [0x00000000fcf00000,0x00000000fcf00000,0x0000000100000000)
 ParOldGen       total 248320K, used 167672K [0x00000000a0000000, 0x00000000af280000, 0x00000000e0000000)
  object space 248320K, 67% used [0x00000000a0000000,0x00000000aa3be148,0x00000000af280000)
 Metaspace       used 104070K, capacity 110358K, committed 119128K, reserved 1153024K
  class space    used 12800K, capacity 14293K, committed 15488K, reserved 1048576K
}
Event: 2759.417 GC heap before
{Heap before GC invocations=60 (full 6):
 PSYoungGen      total 472576K, used 447608K [0x00000000e0000000, 0x0000000100000000, 0x0000000100000000)
  eden space 423936K, 98% used [0x00000000e0000000,0x00000000f9750740,0x00000000f9e00000)
  from space 48640K, 62% used [0x00000000f9e00000,0x00000000fbbcda70,0x00000000fcd80000)
  to   space 50176K, 0% used [0x00000000fcf00000,0x00000000fcf00000,0x0000000100000000)
 ParOldGen       total 248320K, used 167672K [0x00000000a0000000, 0x00000000af280000, 0x00000000e0000000)
  object space 248320K, 67% used [0x00000000a0000000,0x00000000aa3be148,0x00000000af280000)
 Metaspace       used 104170K, capacity 110440K, committed 119128K, reserved 1153024K
  class space    used 12805K, capacity 14296K, committed 15488K, reserved 1048576K
Event: 2761.931 GC heap after
Heap after GC invocations=60 (full 6):
 PSYoungGen      total 441344K, used 50147K [0x00000000e0000000, 0x0000000100000000, 0x0000000100000000)
  eden space 391168K, 0% used [0x00000000e0000000,0x00000000e0000000,0x00000000f7e00000)
  from space 50176K, 99% used [0x00000000fcf00000,0x00000000ffff8e08,0x0000000100000000)
  to   space 66560K, 0% used [0x00000000f7e00000,0x00000000f7e00000,0x00000000fbf00000)
 ParOldGen       total 248320K, used 190820K [0x00000000a0000000, 0x00000000af280000, 0x00000000e0000000)
  object space 248320K, 76% used [0x00000000a0000000,0x00000000aba59288,0x00000000af280000)
 Metaspace       used 104170K, capacity 110440K, committed 119128K, reserved 1153024K
  class space    used 12805K, capacity 14296K, committed 15488K, reserved 1048576K
}

